

Version:	3.8
CmdLine:	C:\Users\Assy-PC\Developer\Dev\IOM_SystemScan\out\artifacts\IOM_SystemScan_jar2\IOM.exe --l4j-debug
WOW64:		yes
Working dir:	C:\Users\Assy-PC\Developer\Dev\IOM_SystemScan\out\artifacts\IOM_SystemScan_jar2\.
Bundled JRE:	C:\Program Files\Java\jdk-24
Check launcher:	C:\Program Files\Java\jdk-24\bin\javaw.exe (OK)
Launcher:	C:\Program Files\Java\jdk-24\bin\javaw.exe
Launcher args:	-jar "C:\Users\Assy-PC\Developer\Dev\IOM_SystemScan\out\artifacts\IOM_SystemScan_jar2\IOM.exe"
Args length:	94/32768 chars
Exit code:	0


Version:	3.8
CmdLine:	C:\Users\Assy-PC\Developer\Dev\IOM_SystemScan\out\artifacts\IOM_SystemScan_jar2\IOM_v2.exe --l4j-debug
WOW64:		yes
Working dir:	C:\Users\Assy-PC\Developer\Dev\IOM_SystemScan\out\artifacts\IOM_SystemScan_jar2\.
Bundled JRE:	C:\Program Files\Java\jdk-24
Check launcher:	C:\Program Files\Java\jdk-24\bin\javaw.exe (OK)
Launcher:	C:\Program Files\Java\jdk-24\bin\javaw.exe
Launcher args:	-jar "C:\Users\Assy-PC\Developer\Dev\IOM_SystemScan\out\artifacts\IOM_SystemScan_jar2\IOM_v2.exe"
Args length:	97/32768 chars
Exit code:	0
